<?xml version="1.0" encoding="UTF-8"?>
<!-- Generated by org.testng.reporters.JUnitXMLReporter -->
<testsuite hostname="Administer" name="chromeTest" tests="3" failures="2" timestamp="31 Oct 2019 03:58:09 GMT" time="220.409" errors="0">
  <testcase name="create_user" time="0.028" classname="Script.create_user_script">
    <failure type="java.lang.Error" message="Unresolved compilation problems: 
	Unhandled exception type InterruptedException
	Unhandled exception type InterruptedException
	Unhandled exception type InterruptedException
">
      <![CDATA[java.lang.Error: Unresolved compilation problems: 
	Unhandled exception type InterruptedException
	Unhandled exception type InterruptedException
	Unhandled exception type InterruptedException

	at Script.create_user_script.create_user(create_user_script.java:30)
	at java.util.concurrent.FutureTask.run(Unknown Source)
	at java.util.concurrent.ThreadPoolExecutor.runWorker(Unknown Source)
	at java.util.concurrent.ThreadPoolExecutor$Worker.run(Unknown Source)
	at java.lang.Thread.run(Unknown Source)
... Removed 16 stack frames]]>
    </failure>
  </testcase> <!-- create_user -->
  <testcase name="login_script" time="22.118" classname="Script.login_script1">
    <failure type="java.lang.AssertionError" message="null">
      <![CDATA[java.lang.AssertionError: null
	at Generic.Basepage.titlewait(Basepage.java:29)
	at Script.login_script1.login_script(login_script1.java:17)
	at java.util.concurrent.FutureTask.run(Unknown Source)
	at java.util.concurrent.ThreadPoolExecutor.runWorker(Unknown Source)
	at java.util.concurrent.ThreadPoolExecutor$Worker.run(Unknown Source)
	at java.lang.Thread.run(Unknown Source)
... Removed 18 stack frames]]>
    </failure>
  </testcase> <!-- login_script -->
  <testcase name="logout_script" time="23.802" classname="Script.logout_script"/>
</testsuite> <!-- chromeTest -->
